<?xml version="1.0" encoding="UTF-8"?>
<!-- Generated by org.testng.reporters.JUnitReportReporter -->
<testsuite hostname="DESKTOP-3E2EL0O" failures="0" tests="1" name="Academy.testCase2" time="26.230" errors="0" timestamp="2022-06-23T00:38:57 IST" skipped="0">
  <testcase classname="Academy.testCase2" name="getTestCase2" time="26.230"/>
  <system-out/>
</testsuite> <!-- Academy.testCase2 -->
