<?xml version="1.0" encoding="UTF-8"?>
<!-- Generated by org.testng.reporters.JUnitReportReporter -->
<testsuite hostname="DESKTOP-3E2EL0O" failures="0" tests="1" name="Academy.testCase4" time="39.200" errors="0" timestamp="2022-06-23T10:39:17 IST" skipped="0">
  <testcase classname="Academy.testCase4" name="getTestCase4" time="39.200"/>
  <system-out/>
</testsuite> <!-- Academy.testCase4 -->
