<?xml version="1.0" encoding="UTF-8"?>
<!-- Generated by org.testng.reporters.JUnitReportReporter -->
<testsuite hostname="DESKTOP-3E2EL0O" failures="0" tests="1" name="Academy.testCase5" time="2.492" errors="0" timestamp="2022-06-23T10:39:17 IST" skipped="0">
  <testcase classname="Academy.testCase5" name="getTestCase5" time="2.492"/>
  <system-out/>
</testsuite> <!-- Academy.testCase5 -->
