<?xml version="1.0" encoding="UTF-8"?>
<!-- Generated by org.testng.reporters.JUnitReportReporter -->
<testsuite hostname="DESKTOP-3E2EL0O" failures="0" tests="1" name="Academy.testCase7" time="8.612" errors="0" timestamp="2022-06-23T10:39:17 IST" skipped="0">
  <testcase classname="Academy.testCase7" name="getTestCase7" time="8.612"/>
  <system-out/>
</testsuite> <!-- Academy.testCase7 -->
