<?xml version="1.0" encoding="UTF-8"?>
<!-- Generated by org.testng.reporters.JUnitReportReporter -->
<testsuite hostname="DESKTOP-3E2EL0O" failures="0" tests="2" name="Academy.testCase1" time="0.508" errors="0" timestamp="2022-06-23T10:39:17 IST" skipped="0">
  <testcase classname="Academy.testCase1" name="getsum" time="0.000"/>
  <system-out/>
  <testcase classname="Academy.testCase1" name="getTestCase1" time="0.508"/>
  <system-out/>
</testsuite> <!-- Academy.testCase1 -->
